0 info it worked if it ends with ok
1 verbose cli [ 'C:\\Program Files\\nodejs\\node.exe',
1 verbose cli   'C:\\Program Files\\nodejs\\node_modules\\npm\\bin\\npm-cli.js',
1 verbose cli   'install',
1 verbose cli   '-g',
1 verbose cli   'n' ]
2 info using npm@1.4.28
3 info using node@v0.10.33
4 verbose cache add [ 'n', null ]
5 verbose cache add name=undefined spec="n" args=["n",null]
6 verbose parsed url { protocol: null,
6 verbose parsed url   slashes: null,
6 verbose parsed url   auth: null,
6 verbose parsed url   host: null,
6 verbose parsed url   port: null,
6 verbose parsed url   hostname: null,
6 verbose parsed url   hash: null,
6 verbose parsed url   search: null,
6 verbose parsed url   query: null,
6 verbose parsed url   pathname: 'n',
6 verbose parsed url   path: 'n',
6 verbose parsed url   href: 'n' }
7 silly lockFile d1854cae-n n
8 verbose lock n C:\Users\maheshmmurag\AppData\Roaming\npm-cache\d1854cae-n.lock
9 silly lockFile d1854cae-n n
10 silly lockFile d1854cae-n n
11 verbose addNamed [ 'n', '' ]
12 verbose addNamed [ null, '*' ]
13 silly lockFile 6b58d7dc-n n@
14 verbose lock n@ C:\Users\maheshmmurag\AppData\Roaming\npm-cache\6b58d7dc-n.lock
15 silly addNameRange { name: 'n', range: '*', hasData: false }
16 verbose request where is /n
17 verbose request registry https://registry.npmjs.org/
18 verbose request id ab56192624f0451e
19 verbose url raw /n
20 verbose url resolving [ 'https://registry.npmjs.org/', './n' ]
21 verbose url resolved https://registry.npmjs.org/n
22 verbose request where is https://registry.npmjs.org/n
23 info trying registry request attempt 1 at 00:03:34
24 verbose etag "CRCBDDF2KU2BY3OH1Z8E2ZEZ5"
25 http GET https://registry.npmjs.org/n
26 http 304 https://registry.npmjs.org/n
27 silly registry.get cb [ 304,
27 silly registry.get   { date: 'Thu, 17 Dec 2015 08:03:38 GMT',
27 silly registry.get     via: '1.1 varnish',
27 silly registry.get     'cache-control': 'max-age=300',
27 silly registry.get     etag: '"CRCBDDF2KU2BY3OH1Z8E2ZEZ5"',
27 silly registry.get     age: '0',
27 silly registry.get     connection: 'keep-alive',
27 silly registry.get     'x-served-by': 'cache-sjc3134-SJC',
27 silly registry.get     'x-cache': 'HIT',
27 silly registry.get     'x-cache-hits': '1',
27 silly registry.get     'x-timer': 'S1450339418.595316,VS0,VE86',
27 silly registry.get     vary: 'Accept' } ]
28 verbose etag https://registry.npmjs.org/n from cache
29 silly addNameRange number 2 { name: 'n', range: '*', hasData: true }
30 silly addNameRange versions [ 'n',
30 silly addNameRange   [ '0.0.1',
30 silly addNameRange     '0.0.2',
30 silly addNameRange     '0.0.3',
30 silly addNameRange     '0.0.4',
30 silly addNameRange     '0.1.0',
30 silly addNameRange     '0.1.1',
30 silly addNameRange     '0.1.2',
30 silly addNameRange     '0.2.0',
30 silly addNameRange     '0.2.1',
30 silly addNameRange     '0.2.2',
30 silly addNameRange     '0.3.0',
30 silly addNameRange     '0.4.0',
30 silly addNameRange     '0.4.1',
30 silly addNameRange     '0.4.2',
30 silly addNameRange     '0.5.0',
30 silly addNameRange     '0.5.1',
30 silly addNameRange     '0.5.2',
30 silly addNameRange     '0.5.3',
30 silly addNameRange     '0.5.4',
30 silly addNameRange     '0.6.0',
30 silly addNameRange     '0.6.1',
30 silly addNameRange     '0.7.0',
30 silly addNameRange     '0.7.1',
30 silly addNameRange     '0.7.2',
30 silly addNameRange     '0.7.3',
30 silly addNameRange     '0.8.0',
30 silly addNameRange     '0.8.1',
30 silly addNameRange     '0.8.2',
30 silly addNameRange     '0.9.0',
30 silly addNameRange     '0.9.1',
30 silly addNameRange     '0.9.2',
30 silly addNameRange     '0.9.3',
30 silly addNameRange     '1.0.0',
30 silly addNameRange     '1.1.0',
30 silly addNameRange     '1.2.1',
30 silly addNameRange     '1.2.2',
30 silly addNameRange     '1.2.3',
30 silly addNameRange     '1.2.4',
30 silly addNameRange     '1.2.5',
30 silly addNameRange     '1.2.6',
30 silly addNameRange     '1.2.7',
30 silly addNameRange     '1.2.8',
30 silly addNameRange     '1.2.9',
30 silly addNameRange     '1.2.11',
30 silly addNameRange     '1.2.13',
30 silly addNameRange     '1.2.14',
30 silly addNameRange     '1.3.0',
30 silly addNameRange     '1.4.0',
30 silly addNameRange     '2.0.0',
30 silly addNameRange     '1.4.1',
30 silly addNameRange     '2.0.1',
30 silly addNameRange     '1.4.2',
30 silly addNameRange     '2.0.2' ] ]
31 verbose addNamed [ 'n', '2.0.2' ]
32 verbose addNamed [ '2.0.2', '2.0.2' ]
33 silly lockFile ed42822e-n-2-0-2 n@2.0.2
34 verbose lock n@2.0.2 C:\Users\maheshmmurag\AppData\Roaming\npm-cache\ed42822e-n-2-0-2.lock
35 silly lockFile ed42822e-n-2-0-2 n@2.0.2
36 silly lockFile ed42822e-n-2-0-2 n@2.0.2
37 silly lockFile 6b58d7dc-n n@
38 silly lockFile 6b58d7dc-n n@
39 silly resolved [ { name: 'n',
39 silly resolved     description: 'node version manager',
39 silly resolved     version: '2.0.2',
39 silly resolved     author: { name: 'TJ Holowaychuk', email: 'tj@vision-media.ca' },
39 silly resolved     homepage: 'https://github.com/tj/n',
39 silly resolved     bugs: { url: 'https://github.com/tj/n/issues' },
39 silly resolved     contributors: [ [Object] ],
39 silly resolved     keywords:
39 silly resolved      [ 'nvm',
39 silly resolved        'node',
39 silly resolved        'version',
39 silly resolved        'manager',
39 silly resolved        'switcher',
39 silly resolved        'node',
39 silly resolved        'binary',
39 silly resolved        'env' ],
39 silly resolved     bin: { n: './bin/n' },
39 silly resolved     repository: { type: 'git', url: 'git://github.com/tj/n.git' },
39 silly resolved     preferGlobal: true,
39 silly resolved     os: [ '!win32' ],
39 silly resolved     engines: { node: '*' },
39 silly resolved     license: 'MIT',
39 silly resolved     gitHead: '7831e76a57429afc6341a583febb99469db4d1dc',
39 silly resolved     _id: 'n@2.0.2',
39 silly resolved     scripts: {},
39 silly resolved     _shasum: '1d132d1e33c8687bae54313792626e7878bd5f57',
39 silly resolved     _from: 'n@',
39 silly resolved     _npmVersion: '2.13.4',
39 silly resolved     _nodeVersion: '0.12.7',
39 silly resolved     _npmUser: { name: 'maxrimue', email: 'max.rittmueller@gmail.com' },
39 silly resolved     dist:
39 silly resolved      { shasum: '1d132d1e33c8687bae54313792626e7878bd5f57',
39 silly resolved        tarball: 'http://registry.npmjs.org/n/-/n-2.0.2.tgz' },
39 silly resolved     maintainers:
39 silly resolved      [ [Object],
39 silly resolved        [Object],
39 silly resolved        [Object],
39 silly resolved        [Object],
39 silly resolved        [Object],
39 silly resolved        [Object],
39 silly resolved        [Object] ],
39 silly resolved     directories: {},
39 silly resolved     _resolved: 'https://registry.npmjs.org/n/-/n-2.0.2.tgz',
39 silly resolved     readme: 'ERROR: No README data found!' } ]
40 info install n@2.0.2 into C:\Users\maheshmmurag\AppData\Roaming\npm
41 info installOne n@2.0.2
42 error notsup Unsupported
42 error notsup Not compatible with your operating system or architecture: n@2.0.2
42 error notsup Valid OS:    !win32
42 error notsup Valid Arch:  any
42 error notsup Actual OS:   win32
42 error notsup Actual Arch: x64
43 error System Windows_NT 6.2.9200
44 error command "C:\\Program Files\\nodejs\\node.exe" "C:\\Program Files\\nodejs\\node_modules\\npm\\bin\\npm-cli.js" "install" "-g" "n"
45 error cwd C:\Users\maheshmmurag\Documents\GitHub\InTheLoop
46 error node -v v0.10.33
47 error npm -v 1.4.28
48 error code EBADPLATFORM
49 verbose exit [ 1, true ]
